{'line': LSTM(128, 256, bias=False), 'mlp': [Linear(in_features=256, out_features=256, bias=False), Linear(in_features=256, out_features=128, bias=False), Linear(in_features=128, out_features=64, bias=False), Linear(in_features=64, out_features=1, bias=False)]}
../clover-line/totinfo/2
training traces path:
../clover-line/totinfo/2
../clover-line/totinfo/2
ATTENTION_ENABLE: True
MLP_INPUT_IS_AVERAGE: True
Word2Vec MODEL:../clover-line/totinfo/2/MODEL/20/wv28-w1.model
Word2Vec Window size: 1
Learning Rate: 5e-07
Training size: 0.3
Trainingu Full Data: True
ABLATION FC LINE: True
['InfoTbl', 'malloc', 'free']
OR_ABLATION: True
['free', 'malloc', '__ctype_b_loc', '__isoc99_scanf', '__isoc99_sscanf', 'fputs', 'fgets', 'printf', 'fprintf', '__isoc99_fscanf', 'error_or_eof_case', 'next_state']
SAVE POINT: 0.77

epoch:0
Training set:
pass matches: 0
pass total: 1042
fail matches: 10
fail total: 10

Validation set:
pass matches: 0
pass total: 1042
fail matches: 10
fail total: 10
Precision: 0.009505703422053232
Recall: 1.0
TNR: 0.0
F-measure:0.018832391713747648

epoch:1
Training set:
pass matches: 0
pass total: 1042
fail matches: 10
fail total: 10

Validation set:
pass matches: 0
pass total: 1042
fail matches: 10
fail total: 10
Precision: 0.009505703422053232
Recall: 1.0
TNR: 0.0
F-measure:0.018832391713747648

epoch:2
Training set:
pass matches: 0
pass total: 1042
fail matches: 10
fail total: 10

Validation set:
pass matches: 0
pass total: 1042
fail matches: 10
fail total: 10
Precision: 0.009505703422053232
Recall: 1.0
TNR: 0.0
F-measure:0.018832391713747648

epoch:3
Training set:
pass matches: 0
pass total: 1042
fail matches: 10
fail total: 10

Validation set:
pass matches: 0
pass total: 1042
fail matches: 10
fail total: 10
Precision: 0.009505703422053232
Recall: 1.0
TNR: 0.0
F-measure:0.018832391713747648

epoch:4
Training set:
pass matches: 0
pass total: 1042
fail matches: 10
fail total: 10

Validation set:
pass matches: 0
pass total: 1042
fail matches: 10
fail total: 10
Precision: 0.009505703422053232
Recall: 1.0
TNR: 0.0
F-measure:0.018832391713747648

epoch:5
Training set:
pass matches: 0
pass total: 1042
fail matches: 10
fail total: 10

Validation set:
pass matches: 0
pass total: 1042
fail matches: 10
fail total: 10
Precision: 0.009505703422053232
Recall: 1.0
TNR: 0.0
F-measure:0.018832391713747648

epoch:6
Training set:
pass matches: 0
pass total: 1042
fail matches: 10
fail total: 10

Validation set:
pass matches: 0
pass total: 1042
fail matches: 10
fail total: 10
Precision: 0.009505703422053232
Recall: 1.0
TNR: 0.0
F-measure:0.018832391713747648

epoch:7
Training set:
pass matches: 79
pass total: 1042
fail matches: 10
fail total: 10

Validation set:
pass matches: 78
pass total: 1042
fail matches: 10
fail total: 10
Precision: 0.01026694045174538
Recall: 1.0
TNR: 0.07485604606525911
F-measure:0.020325203252032516

epoch:8
Training set:
pass matches: 88
pass total: 1042
fail matches: 10
fail total: 10

Validation set:
pass matches: 87
pass total: 1042
fail matches: 10
fail total: 10
Precision: 0.010362694300518135
Recall: 1.0
TNR: 0.08349328214971209
F-measure:0.020512820512820513

epoch:9
Training set:
pass matches: 870
pass total: 1042
fail matches: 5
fail total: 10

Validation set:
pass matches: 864
pass total: 1042
fail matches: 5
fail total: 10
Precision: 0.0273224043715847
Recall: 0.5
TNR: 0.8291746641074856
F-measure:0.05181347150259067

epoch:10
Training set:
pass matches: 182
pass total: 1042
fail matches: 10
fail total: 10

Validation set:
pass matches: 186
pass total: 1042
fail matches: 10
fail total: 10
Precision: 0.011547344110854504
Recall: 1.0
TNR: 0.1785028790786948
F-measure:0.022831050228310504

epoch:11
Training set:
pass matches: 776
pass total: 1042
fail matches: 6
fail total: 10

Validation set:
pass matches: 770
pass total: 1042
fail matches: 5
fail total: 10
Precision: 0.018050541516245487
Recall: 0.5
TNR: 0.7389635316698656
F-measure:0.03484320557491289

epoch:12
Training set:
pass matches: 448
pass total: 1042
fail matches: 10
fail total: 10

Validation set:
pass matches: 453
pass total: 1042
fail matches: 9
fail total: 10
Precision: 0.015050167224080268
Recall: 0.9
TNR: 0.43474088291746643
F-measure:0.029605263157894735

epoch:13
Training set:
pass matches: 155
pass total: 1042
fail matches: 10
fail total: 10

Validation set:
pass matches: 155
pass total: 1042
fail matches: 10
fail total: 10
Precision: 0.011148272017837236
Recall: 1.0
TNR: 0.14875239923224567
F-measure:0.022050716648291068

epoch:14
Training set:
pass matches: 283
pass total: 1042
fail matches: 10
fail total: 10

Validation set:
pass matches: 278
pass total: 1042
fail matches: 10
fail total: 10
Precision: 0.012919896640826873
Recall: 1.0
TNR: 0.2667946257197697
F-measure:0.025510204081632654

epoch:15
Training set:
pass matches: 155
pass total: 1042
fail matches: 10
fail total: 10

Validation set:
pass matches: 155
pass total: 1042
fail matches: 10
fail total: 10
Precision: 0.011148272017837236
Recall: 1.0
TNR: 0.14875239923224567
F-measure:0.022050716648291068

epoch:16
Training set:
pass matches: 938
pass total: 1042
fail matches: 4
fail total: 10

Validation set:
pass matches: 938
pass total: 1042
fail matches: 4
fail total: 10
Precision: 0.037037037037037035
Recall: 0.4
TNR: 0.9001919385796545
F-measure:0.06779661016949153

epoch:17
Training set:
pass matches: 155
pass total: 1042
fail matches: 10
fail total: 10

Validation set:
pass matches: 155
pass total: 1042
fail matches: 10
fail total: 10
Precision: 0.011148272017837236
Recall: 1.0
TNR: 0.14875239923224567
F-measure:0.022050716648291068

epoch:18
Training set:
pass matches: 898
pass total: 1042
fail matches: 6
fail total: 10

Validation set:
pass matches: 898
pass total: 1042
fail matches: 6
fail total: 10
Precision: 0.04
Recall: 0.6
TNR: 0.8618042226487524
F-measure:0.075

epoch:19
Training set:
pass matches: 178
pass total: 1042
fail matches: 10
fail total: 10

Validation set:
pass matches: 179
pass total: 1042
fail matches: 10
fail total: 10
Precision: 0.011454753722794959
Recall: 1.0
TNR: 0.17178502879078694
F-measure:0.022650056625141562

epoch:20
Training set:
pass matches: 155
pass total: 1042
fail matches: 10
fail total: 10

Validation set:
pass matches: 155
pass total: 1042
fail matches: 10
fail total: 10
Precision: 0.011148272017837236
Recall: 1.0
TNR: 0.14875239923224567
F-measure:0.022050716648291068

epoch:21
Training set:
pass matches: 543
pass total: 1042
fail matches: 9
fail total: 10

Validation set:
pass matches: 533
pass total: 1042
fail matches: 8
fail total: 10
Precision: 0.015473887814313346
Recall: 0.8
TNR: 0.5115163147792706
F-measure:0.030360531309297913

epoch:22
Training set:
pass matches: 171
pass total: 1042
fail matches: 10
fail total: 10

Validation set:
pass matches: 171
pass total: 1042
fail matches: 10
fail total: 10
Precision: 0.011350737797956867
Recall: 1.0
TNR: 0.16410748560460653
F-measure:0.02244668911335578

epoch:23
Training set:
pass matches: 896
pass total: 1042
fail matches: 6
fail total: 10

Validation set:
pass matches: 895
pass total: 1042
fail matches: 6
fail total: 10
Precision: 0.0392156862745098
Recall: 0.6
TNR: 0.8589251439539347
F-measure:0.0736196319018405

epoch:24
Training set:
pass matches: 883
pass total: 1042
fail matches: 6
fail total: 10

Validation set:
pass matches: 884
pass total: 1042
fail matches: 6
fail total: 10
Precision: 0.036585365853658534
Recall: 0.6
TNR: 0.8483685220729367
F-measure:0.06896551724137931

epoch:25
Training set:
pass matches: 155
pass total: 1042
fail matches: 10
fail total: 10

Validation set:
pass matches: 155
pass total: 1042
fail matches: 10
fail total: 10
Precision: 0.011148272017837236
Recall: 1.0
TNR: 0.14875239923224567
F-measure:0.022050716648291068

epoch:26
Training set:
pass matches: 284
pass total: 1042
fail matches: 10
fail total: 10

Validation set:
pass matches: 288
pass total: 1042
fail matches: 10
fail total: 10
Precision: 0.013089005235602094
Recall: 1.0
TNR: 0.2763915547024952
F-measure:0.025839793281653745

epoch:27
Training set:
pass matches: 892
pass total: 1042
fail matches: 6
fail total: 10

Validation set:
pass matches: 890
pass total: 1042
fail matches: 6
fail total: 10
Precision: 0.0379746835443038
Recall: 0.6
TNR: 0.8541266794625719
F-measure:0.07142857142857144

epoch:28
Training set:
pass matches: 776
pass total: 1042
fail matches: 7
fail total: 10

Validation set:
pass matches: 774
pass total: 1042
fail matches: 7
fail total: 10
Precision: 0.025454545454545455
Recall: 0.7
TNR: 0.7428023032629558
F-measure:0.04912280701754385

epoch:29
Training set:
pass matches: 180
pass total: 1042
fail matches: 10
fail total: 10

Validation set:
pass matches: 180
pass total: 1042
fail matches: 10
fail total: 10
Precision: 0.011467889908256881
Recall: 1.0
TNR: 0.1727447216890595
F-measure:0.022675736961451247

epoch:30
Training set:
pass matches: 364
pass total: 1042
fail matches: 9
fail total: 10

Validation set:
pass matches: 365
pass total: 1042
fail matches: 9
fail total: 10
Precision: 0.013119533527696793
Recall: 0.9
TNR: 0.3502879078694818
F-measure:0.02586206896551724

epoch:31
Training set:
pass matches: 357
pass total: 1042
fail matches: 9
fail total: 10

Validation set:
pass matches: 356
pass total: 1042
fail matches: 9
fail total: 10
Precision: 0.012949640287769784
Recall: 0.9
TNR: 0.3416506717850288
F-measure:0.02553191489361702

epoch:32
Training set:
pass matches: 900
pass total: 1042
fail matches: 6
fail total: 10

Validation set:
pass matches: 900
pass total: 1042
fail matches: 6
fail total: 10
Precision: 0.04054054054054054
Recall: 0.6
TNR: 0.8637236084452975
F-measure:0.0759493670886076

epoch:33
Training set:
pass matches: 364
pass total: 1042
fail matches: 9
fail total: 10

Validation set:
pass matches: 364
pass total: 1042
fail matches: 9
fail total: 10
Precision: 0.013100436681222707
Recall: 0.9
TNR: 0.3493282149712092
F-measure:0.02582496413199426

epoch:34
Training set:
pass matches: 353
pass total: 1042
fail matches: 9
fail total: 10

Validation set:
pass matches: 352
pass total: 1042
fail matches: 9
fail total: 10
Precision: 0.012875536480686695
Recall: 0.9
TNR: 0.3378119001919386
F-measure:0.025387870239774332

epoch:35
Training set:
pass matches: 219
pass total: 1042
fail matches: 9
fail total: 10

Validation set:
pass matches: 218
pass total: 1042
fail matches: 9
fail total: 10
Precision: 0.010804321728691477
Recall: 0.9
TNR: 0.2092130518234165
F-measure:0.021352313167259787

epoch:36
Training set:
pass matches: 302
pass total: 1042
fail matches: 9
fail total: 10

Validation set:
pass matches: 302
pass total: 1042
fail matches: 9
fail total: 10
Precision: 0.012016021361815754
Recall: 0.9
TNR: 0.28982725527831094
F-measure:0.023715415019762844

epoch:37
Training set:
pass matches: 408
pass total: 1042
fail matches: 9
fail total: 10

Validation set:
pass matches: 405
pass total: 1042
fail matches: 9
fail total: 10
Precision: 0.01393188854489164
Recall: 0.9
TNR: 0.3886756238003839
F-measure:0.0274390243902439

epoch:38
Training set:
pass matches: 873
pass total: 1042
fail matches: 7
fail total: 10

Validation set:
pass matches: 874
pass total: 1042
fail matches: 7
fail total: 10
Precision: 0.04
Recall: 0.7
TNR: 0.8387715930902111
F-measure:0.07567567567567567

epoch:39
Training set:
pass matches: 380
pass total: 1042
fail matches: 9
fail total: 10

Validation set:
pass matches: 379
pass total: 1042
fail matches: 9
fail total: 10
Precision: 0.013392857142857142
Recall: 0.9
TNR: 0.3637236084452975
F-measure:0.026392961876832842

epoch:40
Training set:
pass matches: 889
pass total: 1042
fail matches: 7
fail total: 10

Validation set:
pass matches: 885
pass total: 1042
fail matches: 7
fail total: 10
Precision: 0.042682926829268296
Recall: 0.7
TNR: 0.8493282149712092
F-measure:0.08045977011494253

epoch:41
Training set:
pass matches: 375
pass total: 1042
fail matches: 9
fail total: 10

Validation set:
pass matches: 377
pass total: 1042
fail matches: 9
fail total: 10
Precision: 0.013353115727002967
Recall: 0.9
TNR: 0.3618042226487524
F-measure:0.026315789473684213

epoch:42
Training set:
pass matches: 703
pass total: 1042
fail matches: 8
fail total: 10

Validation set:
pass matches: 696
pass total: 1042
fail matches: 8
fail total: 10
Precision: 0.022598870056497175
Recall: 0.8
TNR: 0.6679462571976967
F-measure:0.04395604395604395

epoch:43
Training set:
pass matches: 366
pass total: 1042
fail matches: 9
fail total: 10

Validation set:
pass matches: 365
pass total: 1042
fail matches: 9
fail total: 10
Precision: 0.013119533527696793
Recall: 0.9
TNR: 0.3502879078694818
F-measure:0.02586206896551724

epoch:44
Training set:
pass matches: 371
pass total: 1042
fail matches: 9
fail total: 10

Validation set:
pass matches: 367
pass total: 1042
fail matches: 9
fail total: 10
Precision: 0.013157894736842105
Recall: 0.9
TNR: 0.3522072936660269
F-measure:0.025936599423631124

epoch:45
Training set:
pass matches: 796
pass total: 1042
fail matches: 8
fail total: 10

Validation set:
pass matches: 796
pass total: 1042
fail matches: 8
fail total: 10
Precision: 0.031496062992125984
Recall: 0.8
TNR: 0.763915547024952
F-measure:0.06060606060606061

epoch:46
Training set:
pass matches: 626
pass total: 1042
fail matches: 9
fail total: 10

Validation set:
pass matches: 628
pass total: 1042
fail matches: 8
fail total: 10
Precision: 0.018957345971563982
Recall: 0.8
TNR: 0.6026871401151631
F-measure:0.03703703703703704

epoch:47
Training set:
pass matches: 826
pass total: 1042
fail matches: 8
fail total: 10

Validation set:
pass matches: 827
pass total: 1042
fail matches: 8
fail total: 10
Precision: 0.03587443946188341
Recall: 0.8
TNR: 0.7936660268714012
F-measure:0.06866952789699571

epoch:48
Training set:
pass matches: 816
pass total: 1042
fail matches: 8
fail total: 10

Validation set:
pass matches: 817
pass total: 1042
fail matches: 8
fail total: 10
Precision: 0.034334763948497854
Recall: 0.8
TNR: 0.7840690978886756
F-measure:0.06584362139917696

epoch:49
Training set:
pass matches: 867
pass total: 1042
fail matches: 8
fail total: 10

Validation set:
pass matches: 867
pass total: 1042
fail matches: 8
fail total: 10
Precision: 0.04371584699453552
Recall: 0.8
TNR: 0.8320537428023033
F-measure:0.08290155440414507

epoch:50
Training set:
pass matches: 824
pass total: 1042
fail matches: 9
fail total: 10

Validation set:
pass matches: 824
pass total: 1042
fail matches: 8
fail total: 10
Precision: 0.035398230088495575
Recall: 0.8
TNR: 0.7907869481765835
F-measure:0.06779661016949151

OPT POINT:
MAX POINT:
epoch: 49
pass: 867
fail 8
Precision: 0.04371584699453552
Recall: 0.8
TNR: 0.8320537428023033
