project id:error:repair pattern:repair action
Lang 1:NumberFormatException:Conditional block addition,Logic expression expansion,Copy/Paste:Assignment addition,Conditional (if-else) branches addition,Conditional expression expansion,Loop addition,Method call addition,Variable addition
Lang 6:StringIndexOutOfBoundsException:Arithmetic expression modification,Wrong Variable Reference,Single Line:Method call parameter value modification,Variable replacement by another variable
Lang 7:AssertionFailedError:Conditional block addition with exception throwing,Conditional block removal:Conditional expression modification,throw addition,Method call addition,Method call removal,Object instantiation addition,Return statement removal
Lang 10:AssertionFailedError,AssertionFailedError:Conditional block removal:Assignment removal,Conditional (if) branch addition,Method call removal,Variable removal
Lang 15:AssertionFailedError,AssertionFailedError:Logic expression reduction,Wrong Method Reference:Assignment expression modification,Conditional expression reduction,Loop conditional expression modification,Method call addition
Lang 16:NumberFormatException:Logic expression expansion,Single Line:Conditional expression expansion,Method call addition
Lang 17:ComparisonFailure:Unwraps-from if-else statement,Unwraps-from method call:Assignment addition,Assignment expression modification,Assignment removal,Conditional (if-else) branches addition,Conditional (if or else) branch removal,Method call removal
Lang 18:ComparisonFailure:Logic expression modification,Wraps-with if-else statement:Conditional (if-else) branches addition,Conditional expression modification,Method call parameter value modification
Lang 19:StringIndexOutOfBoundsException,StringIndexOutOfBoundsException:Conditional block addition with return statement,Constant Change,Arithmetic expression modification,Logic expression modificationWraps-with if-else statement:Assignment addition,Conditional (if) branch addition,Conditional (if-else) branches addition,Conditional expression modification,Loop conditional expression modification,Method call addition,Method call removal,Return expression modification,Variable addition
Lang 20:NullPointerException,NullPointerException:Conditional block removal,Copy/Paste:Assignment expression modification,Conditional (if or else) branch removal,Method call removal,Object instantiation modification
Lang 21:AssertionFailedError:Constant Change,Logic expression modification,Single Line,Wrong Variable Reference:Method call parameter value modification,Return expression modification,Variable replacement by another variable
Lang 22:AssertionFailedError,AssertionFailedError:Conditional block addition with exception throwing,Conditional block addition with return statement,Logic expression modification:Conditional expression modification,throw addition,Method call addition,Object instantiation addition,Return statement addition
Lang 24:AssertionFailedError:Logic expression expansion,Single Line:Return expression modification
Lang 26:ComparisonFailure:Single Line,Wrong Method Reference:Object instantiation modification
Lang 27:StringIndexOutOfBoundsException:Conditional block addition with exception throwing,Logic expression expansion:Conditional expression expansion,throw addition,Method call addition,Object instantiation addition
Lang 29:AssertionFailedError:Single Line:Method return type modification
Lang 30:AssertionFailedError,AssertionFailedError,AssertionFailedError,AssertionFailedError,AssertionFailedError,AssertionFailedError,AssertionFailedError,AssertionFailedError,AssertionFailedError,AssertionFailedError:Conditional block addition,Conditional block addition with return statement,Copy/Paste,Logic expression expansion,Logic expression modification,Wraps-with if statement,Wraps-with if-else statement:Assignment addition,Conditional (if) branch addition,Conditional (if-else) branches addition,Conditional expression expansion,Conditional expression modification,Conditional expression reduction,Method call addition,Method call removal,Parameter type modification in method definition,Return statement addition,Variable addition
Lang 32:AssertionFailedError:Conditional block addition,Logic expression modification,Missing non-null check addition,Missing null check addition:Conditional (if) branch addition,Method call addition,Method overriding addition or removal,Method definition removal,Object instantiation modification,Return expression modification,Variable addition
Lang 33:NullPointerException:Missing null check addition,Single Line,Wraps-with if-else statement:Conditional (if-else) branches addition
Lang 34:AssertionFailedError,AssertionFailedError,AssertionFailedError,AssertionFailedError,AssertionFailedError,AssertionFailedError,AssertionFailedError,AssertionFailedError,AssertionFailedError,AssertionFailedError,AssertionFailedError,AssertionFailedError,AssertionFailedError,AssertionFailedError,AssertionFailedError,AssertionFailedError,AssertionFailedError,AssertionFailedError,AssertionFailedError,AssertionFailedError,AssertionFailedError,AssertionFailedError,AssertionFailedError,AssertionFailedError,AssertionFailedError,AssertionFailedError,AssertionFailedError:Logic expression expansion,Missing non-null check addition,Unwraps-from if-else statement:Conditional (if or else) branch removal,Method call removal,Return expression modification
Lang 35:ClassCastException:Not classified:Assignment removal,throw addition,Object instantiation addition,Return statement removal
Lang 36:NumberFormatException,AssertionFailedError:Conditional block addition with return statement,Logic expression expansion:Conditional (if) branch addition,Conditional expression expansion,Return statement addition
Lang 40:AssertionFailedError:Conditional block addition with return statement:Assignment addition,Loop addition,Method call addition,Method call removal,Return statement addition,Return expression modification,Variable addition
Lang 41:ComparisonFailure,ComparisonFailure:Conditional block addition,Logic expression expansion:Assignment addition,Conditional (if) branch addition,Conditional expression expansion,Loop addition,Method call addition,Object instantiation addition,Return expression modification,Variable addition
Lang 46:ComparisonFailure:Wraps-with if statement:Conditional (if) branch addition,Method call parameter addition,Method call replacement,Parameter addition in method definition,Return expression modification
Lang 50:AssertionFailedError,AssertionFailedError:Conditional block removal,Copy/Paste,Logic expression modification,Unwraps-from if-else statement:Assignment addition,Assignment removal,Conditional (if or else) branch removal,Conditional expression modification,Method call addition,Method call removal,Object instantiation addition,Object instantiation removal
Lang 58:NumberFormatException:Logic expression modification:Conditional expression modification
Lang 59:ArrayIndexOutOfBoundsException:Single Line,Wrong Variable Reference:Method call parameter value modification,Variable replacement by another variable
Math 2:AssertionFailedError:Arithmetic expression modification,Single Line:Return expression modification
Math 5:AssertionFailedError:Constant Change,Arithmetic expression modification,Single Line:Return expression modification
Math 9:AssertionFailedError:Wrong Method Reference:Assignment addition,Assignment expression modification,Method call addition,Object instantiation modification
Math 11:AssertionFailedError:Arithmetic expression modification,Single Line:Method call parameter value modification,Return expression modification
Math 15:AssertionFailedError:Logic expression modification:Assignment addition,Conditional expression modification,Variable addition
Math 20:AssertionFailedError:Missing non-null check addition,Single Line,Wraps-with if-else statement:Conditional (if-else) branches addition,Method call addition,Return statement addition,Return expression modification
Math 27:AssertionFailedError:Arithmetic expression modification,Single Line,Unwraps-from method call:Method call removal,Return expression modification
Math 30:AssertionFailedError:Single Line:Variable type change
Math 32:ClassCastException:Logic expression expansion,Missing null check addition,Single Line:Conditional expression expansion,Method call addition
Math 33:AssertionFailedError:Logic expression modification,Single Line,Wrong Variable Reference:Method call parameter value modification,Variable replacement by another variable
Math 34:AssertionFailedError:Single Line,Wrong Variable Reference:Method call addition,Variable replacement by method call
Math 41:AssertionFailedError:Single Line,Wrong Variable Reference:Assignment expression modification,Loop conditional expression modification,Loop initialization field modification,Variable replacement by another variable
Math 50:AssertionFailedError:Conditional block removal:Assignment removal,Conditional (if or else) branch removal,Method call removal
Math 56:AssertionFailedError:Arithmetic expression modification:Assignment expression modification,Assignment removal,Loop removal,Variable removal
Math 57:AssertionFailedError:Single Line:Variable type change
Math 58:NotStrictlyPositiveException:Single Line,Wrong Method Reference:Method call parameter removal,Method call replacement,Object instantiation removal,Return expression modification
Math 59:AssertionFailedError:Single Line,Wrong Variable Reference:Return expression modification,Variable replacement by another variable
Math 63:AssertionFailedError:Logic expression modification,Single Line:Method call addition,Method call removal,Return expression modification
Math 69:AssertionFailedError,AssertionFailedError:Arithmetic expression modification,Single Line:Assignment expression modification,Method call parameter value modification
Math 70:NullPointerException:Single Line,Wrong Method Reference:Method call parameter addition,Method call replacement,Return expression modification
Math 75:AssertionFailedError:Single Line,Wrong Method Reference:Method call replacement,Return expression modification
Math 80:AssertionFailedError:Arithmetic expression modification,Single Line:Assignment expression modification
Math 82:AssertionFailedError:Logic expression modification,Single Line:Conditional expression modification
Math 85:MathException:Logic expression modification,Single Line:Conditional expression modification
Math 91:AssertionFailedError:Arithmetic expression modification:Assignment expression modification,Method call removal,Variable type change
Math 94:AssertionFailedError:Logic expression modification,Single Line:Conditional expression expansion
Math 101:StringIndexOutOfBoundsException,StringIndexOutOfBoundsException:Logic expression expansion,Single Line:Conditional expression expansion,Method call addition
Math 105:AssertionFailedError:Single Line,Wraps-with method call:Method call addition,Return expression modification
Chart 1:AssertionFailedError:Logic expression modification,Single Line:Conditional expression modification
Chart 5:IndexOutOfBoundsException:Conditional block addition with return statement,Logic expression reduction:Conditional (if) branch addition,Conditional expression reduction,Method call addition,Return statement addition
Chart 6:AssertionFailedError,AssertionFailedError:Conditional block addition with return statement:Assignment addition,Conditional (if) branch addition,Loop addition,Method call addition,Method call removal,Return statement addition,Return expression modification,Variable addition
Chart 7:AssertionFailedError:Copy/Paste,Arithmetic expression modification,Wrong Variable Reference:Assignment expression modification,Method call parameter value modification,Variable replacement by another variable
Chart 8:AssertionFailedError:Single Line,Wrong Variable Reference:Method call parameter value modification,Variable replacement by another variable
Chart 9:IllegalArgumentException:Logic expression expansion,Single Line:Conditional expression expansion
Chart 11:AssertionFailedError:Single Line,Wrong Variable Reference:Assignment expression modification,Variable replacement by another variable
Chart 12:AssertionFailedError:Single Line,Wraps-with method call,Wrong Variable Reference:Assignment removal,Method call addition,Variable replacement by method call
Chart 13:IllegalArgumentException:Single Line,Wraps-with method call,Wrong Method Reference:Assignment expression modification,Method call addition,Method call parameter addition,Method call parameter value modification,Method call replacement,Object instantiation modification
Chart 16:NullPointerException,NullPointerException,NullPointerException,NullPointerException,NullPointerException,NullPointerException,NullPointerException,NullPointerException:Logic expression modification,Wrong Variable Reference:Assignment expression modification,Conditional expression modification,Method call addition,Object instantiation addition,Variable replacement by method call
Chart 17:IllegalArgumentException:Not classified:Assignment addition,Assignment expression modification,Method call addition,Method call removal,Variable type change
Chart 20:AssertionFailedError:Single Line,Wrong Variable Reference:Method call parameter value modification,Variable replacement by another variable
Chart 22:UnknownKeyException,UnknownKeyException,UnknownKeyException,UnknownKeyException,AssertionFailedError,ArrayIndexOutOfBoundsException:Conditional block addition with exception throwing,Conditional block addition,Unwraps-from if-else statement,Wrong Variable Reference:Assignment addition,Conditional (if) branch addition,Conditional (if or else) branch removal,throw addition,Loop addition,Method call addition,Method call parameter value modification,Object instantiation addition,Return expression modification,Variable addition,Variable replacement by another variable
Chart 24:IllegalArgumentException:Arithmetic expression modification,Single Line,Wrong Variable Reference:Assignment expression modification,Variable replacement by another variable
Chart 25:AssertionFailedError,AssertionFailedError,AssertionFailedError,AssertionFailedError:Conditional block addition with return statement,Copy/Paste,Missing non-null check addition,Missing null check addition,Wraps-with if statement:Assignment addition,Assignment expression modification,Conditional (if) branch addition,Method call addition,Method call removal,Return statement addition,Variable addition