Chart 1 1.2844036697247707
Chart 5 5.46448087431694
Chart 6 81.81818181818181
Chart 7 26.143790849673202
Chart 8 1.1494252873563218
Chart 9 5.05050505050505
Chart 11 2.8846153846153846
Chart 12 3.58974358974359
Chart 13 20.26431718061674
Chart 16 2.8708133971291865
Chart 17 1.0135135135135136
Chart 20 16.666666666666668
Chart 22 26.666666666666668
Chart 24 13.793103448275861
Chart 25 16.666666666666668
Lang 1 1.2254901960784315
Lang 6 22.580645161290324
Lang 7 1.937046004842615
Lang 10 27.531645569620252
Lang 15 34.83870967741935
Lang 16 9.313725490196079
Lang 17 66.66666666666667
Lang 18 44.038929440389296
Lang 19 50.0
Lang 20 2.074688796680498
Lang 21 0.7518796992481203
Lang 22 13.47517730496454
Lang 24 14.91442542787286
Lang 26 1.7374517374517375
Lang 27 1.9656019656019657
Lang 29 1.0869565217391304
Lang 30 3.5074626865671643
Lang 32 18.34319526627219
Lang 33 2.7303754266211606
Lang 34 15.444015444015443
Lang 35 0.17889087656529518
Lang 36 29.032258064516128
Lang 40 0.24115755627009647
Lang 41 8.214285714285714
Lang 46 5.078125
Lang 50 2.8901734104046244
Lang 58 5.2854122621564485
Lang 59 0.9150326797385621
Math 2 2.4096385542168677
Math 5 0.41841004184100417
Math 9 3.508771929824561
Math 11 6.349206349206349
Math 15 0.12430080795525171
Math 20 46.81724845995893
Math 27 1.1049723756906078
Math 30 47.22222222222222
Math 32 1.25
Math 33 10.695187165775401
Math 34 5.882352941176471
Math 41 22.608695652173914
Math 50 1.0638297872340425
Math 56 26.829268292682926
Math 57 3.4482758620689653
Math 58 8.24742268041237
Math 59 0.24630541871921183
Math 63 0.35587188612099646
Math 69 17.105263157894736
Math 70 6.666666666666667
Math 75 1.3333333333333333
Math 80 1.639344262295082
Math 82 46.875
Math 85 35.8974358974359
Math 91 1.2195121951219512
Math 94 2.527075812274368
Math 101 8.484848484848484
Math 105 23.076923076923077
