../clover-line/Chart/1 1.2844036697247707
../clover-line/Chart/1 1.4678899082568808
../clover-line/Chart/1 1.4678899082568808
../clover-line/Chart/1 1.2844036697247707
../clover-line/Chart/1 2.018348623853211
../clover-line/Chart/1 1.2844036697247707
../clover-line/Chart/1 1.2844036697247707
../clover-line/Chart/1 1.2844036697247707
../clover-line/Chart/1 1.1009174311926606
../clover-line/Chart/1 1.2844036697247707
../clover-line/Chart/5 2.73224043715847
../clover-line/Chart/5 0.546448087431694
../clover-line/Chart/5 2.185792349726776
../clover-line/Chart/5 3.8251366120218577
../clover-line/Chart/5 2.73224043715847
../clover-line/Chart/5 1.639344262295082
../clover-line/Chart/5 1.639344262295082
../clover-line/Chart/5 1.639344262295082
../clover-line/Chart/5 0.546448087431694
../clover-line/Chart/5 0.546448087431694
../clover-line/Chart/6 45.45454545454545
../clover-line/Chart/6 33.333333333333336
../clover-line/Chart/6 30.303030303030305
../clover-line/Chart/6 72.72727272727273
../clover-line/Chart/6 75.75757575757575
../clover-line/Chart/6 72.72727272727273
../clover-line/Chart/6 33.333333333333336
../clover-line/Chart/6 42.42424242424242
../clover-line/Chart/6 51.515151515151516
../clover-line/Chart/6 81.81818181818181
../clover-line/Chart/7 2.6143790849673203
../clover-line/Chart/7 1.3071895424836601
../clover-line/Chart/7 1.3071895424836601
../clover-line/Chart/7 3.9215686274509802
../clover-line/Chart/7 7.8431372549019605
../clover-line/Chart/7 1.3071895424836601
../clover-line/Chart/7 1.3071895424836601
../clover-line/Chart/7 1.3071895424836601
../clover-line/Chart/7 1.3071895424836601
../clover-line/Chart/7 1.3071895424836601
../clover-line/Chart/8 17.24137931034483
../clover-line/Chart/8 6.896551724137931
../clover-line/Chart/8 8.045977011494253
../clover-line/Chart/8 12.068965517241379
../clover-line/Chart/8 8.620689655172415
../clover-line/Chart/8 12.068965517241379
../clover-line/Chart/8 8.045977011494253
../clover-line/Chart/8 5.747126436781609
../clover-line/Chart/8 10.919540229885058
../clover-line/Chart/8 7.471264367816092
../clover-line/Chart/9 2.356902356902357
../clover-line/Chart/9 2.356902356902357
../clover-line/Chart/9 3.0303030303030303
../clover-line/Chart/9 5.05050505050505
../clover-line/Chart/9 4.040404040404041
../clover-line/Chart/9 2.6936026936026938
../clover-line/Chart/9 1.0101010101010102
../clover-line/Chart/9 2.0202020202020203
../clover-line/Chart/9 4.377104377104377
../clover-line/Chart/9 3.367003367003367
../clover-line/Chart/11 4.326923076923077
../clover-line/Chart/11 0.4807692307692308
../clover-line/Chart/11 1.9230769230769231
../clover-line/Chart/11 5.288461538461538
../clover-line/Chart/11 5.769230769230769
../clover-line/Chart/11 1.4423076923076923
../clover-line/Chart/11 2.8846153846153846
../clover-line/Chart/11 3.3653846153846154
../clover-line/Chart/11 4.8076923076923075
../clover-line/Chart/11 3.3653846153846154
../clover-line/Chart/12 8.717948717948717
../clover-line/Chart/12 8.205128205128204
../clover-line/Chart/12 3.58974358974359
../clover-line/Chart/12 6.666666666666667
../clover-line/Chart/12 5.128205128205129
../clover-line/Chart/12 2.051282051282051
../clover-line/Chart/12 6.153846153846154
../clover-line/Chart/12 6.153846153846154
../clover-line/Chart/12 5.641025641025641
../clover-line/Chart/12 7.17948717948718
../clover-line/Chart/13 7.488986784140969
../clover-line/Chart/13 10.572687224669604
../clover-line/Chart/13 8.370044052863436
../clover-line/Chart/13 20.26431718061674
../clover-line/Chart/13 6.167400881057269
../clover-line/Chart/13 3.0837004405286343
../clover-line/Chart/13 7.048458149779735
../clover-line/Chart/13 5.286343612334802
../clover-line/Chart/13 6.607929515418502
../clover-line/Chart/13 5.726872246696035
../clover-line/Chart/16 10.526315789473685
../clover-line/Chart/16 13.397129186602871
../clover-line/Chart/16 10.526315789473685
../clover-line/Chart/16 10.526315789473685
../clover-line/Chart/16 10.047846889952153
../clover-line/Chart/16 7.655502392344498
../clover-line/Chart/16 11.483253588516746
../clover-line/Chart/16 13.397129186602871
../clover-line/Chart/16 13.875598086124402
../clover-line/Chart/16 9.090909090909092
../clover-line/Chart/17 0.33783783783783783
../clover-line/Chart/17 0.33783783783783783
../clover-line/Chart/17 0.33783783783783783
../clover-line/Chart/17 0.33783783783783783
../clover-line/Chart/17 0.33783783783783783
../clover-line/Chart/17 0.33783783783783783
../clover-line/Chart/17 0.33783783783783783
../clover-line/Chart/17 0.33783783783783783
../clover-line/Chart/17 0.6756756756756757
../clover-line/Chart/17 0.33783783783783783
../clover-line/Chart/20 4.166666666666667
../clover-line/Chart/20 8.333333333333334
../clover-line/Chart/20 4.166666666666667
../clover-line/Chart/20 8.333333333333334
../clover-line/Chart/20 16.666666666666668
../clover-line/Chart/20 4.166666666666667
../clover-line/Chart/20 16.666666666666668
../clover-line/Chart/20 16.666666666666668
../clover-line/Chart/20 12.5
../clover-line/Chart/20 4.166666666666667
../clover-line/Chart/22 28.14814814814815
../clover-line/Chart/22 27.40740740740741
../clover-line/Chart/22 25.925925925925927
../clover-line/Chart/22 24.444444444444443
../clover-line/Chart/22 20.74074074074074
../clover-line/Chart/22 23.703703703703702
../clover-line/Chart/22 25.185185185185187
../clover-line/Chart/22 17.77777777777778
../clover-line/Chart/22 24.444444444444443
../clover-line/Chart/22 20.0
../clover-line/Chart/24 6.896551724137931
../clover-line/Chart/24 13.793103448275861
../clover-line/Chart/24 3.4482758620689653
../clover-line/Chart/24 13.793103448275861
../clover-line/Chart/24 37.93103448275862
../clover-line/Chart/24 3.4482758620689653
../clover-line/Chart/24 13.793103448275861
../clover-line/Chart/24 6.896551724137931
../clover-line/Chart/24 31.03448275862069
../clover-line/Chart/24 13.793103448275861
../clover-line/Chart/25 9.770114942528735
../clover-line/Chart/25 14.942528735632184
../clover-line/Chart/25 4.022988505747127
../clover-line/Chart/25 8.620689655172415
../clover-line/Chart/25 5.747126436781609
../clover-line/Chart/25 2.8735632183908044
../clover-line/Chart/25 2.2988505747126435
../clover-line/Chart/25 1.7241379310344827
../clover-line/Chart/25 4.022988505747127
../clover-line/Chart/25 5.172413793103448
../clover-line/Lang/1 1.9607843137254901
../clover-line/Lang/1 3.9215686274509802
../clover-line/Lang/1 1.4705882352941178
../clover-line/Lang/1 1.7156862745098038
../clover-line/Lang/1 3.1862745098039214
../clover-line/Lang/1 2.2058823529411766
../clover-line/Lang/1 2.450980392156863
../clover-line/Lang/1 2.450980392156863
../clover-line/Lang/1 2.450980392156863
../clover-line/Lang/1 2.9411764705882355
../clover-line/Lang/6 54.83870967741935
../clover-line/Lang/6 48.38709677419355
../clover-line/Lang/6 61.29032258064516
../clover-line/Lang/6 19.35483870967742
../clover-line/Lang/6 54.83870967741935
../clover-line/Lang/6 22.580645161290324
../clover-line/Lang/6 48.38709677419355
../clover-line/Lang/6 51.61290322580645
../clover-line/Lang/6 51.61290322580645
../clover-line/Lang/6 61.29032258064516
../clover-line/Lang/7 9.443099273607748
../clover-line/Lang/7 9.443099273607748
../clover-line/Lang/7 13.317191283292978
../clover-line/Lang/7 7.74818401937046
../clover-line/Lang/7 7.74818401937046
../clover-line/Lang/7 16.222760290556902
../clover-line/Lang/7 12.106537530266344
../clover-line/Lang/7 14.76997578692494
../clover-line/Lang/7 9.200968523002421
../clover-line/Lang/7 5.811138014527845
../clover-line/Lang/10 24.050632911392405
../clover-line/Lang/10 15.822784810126583
../clover-line/Lang/10 5.063291139240507
../clover-line/Lang/10 9.177215189873417
../clover-line/Lang/10 30.063291139240505
../clover-line/Lang/10 18.354430379746834
../clover-line/Lang/10 7.9113924050632916
../clover-line/Lang/10 12.341772151898734
../clover-line/Lang/10 22.151898734177216
../clover-line/Lang/10 10.443037974683545
../clover-line/Lang/15 27.741935483870968
../clover-line/Lang/15 8.709677419354838
../clover-line/Lang/15 9.03225806451613
../clover-line/Lang/15 6.774193548387097
../clover-line/Lang/15 11.290322580645162
../clover-line/Lang/15 35.483870967741936
../clover-line/Lang/15 30.322580645161292
../clover-line/Lang/15 5.483870967741935
../clover-line/Lang/15 25.483870967741936
../clover-line/Lang/15 15.161290322580646
../clover-line/Lang/16 11.519607843137255
../clover-line/Lang/16 10.784313725490197
../clover-line/Lang/16 7.598039215686274
../clover-line/Lang/16 10.049019607843137
../clover-line/Lang/16 9.558823529411764
../clover-line/Lang/16 13.970588235294118
../clover-line/Lang/16 7.352941176470588
../clover-line/Lang/16 10.049019607843137
../clover-line/Lang/16 9.313725490196079
../clover-line/Lang/16 5.882352941176471
../clover-line/Lang/17 54.54545454545455
../clover-line/Lang/17 51.515151515151516
../clover-line/Lang/17 63.63636363636363
../clover-line/Lang/17 63.63636363636363
../clover-line/Lang/17 54.54545454545455
../clover-line/Lang/17 48.484848484848484
../clover-line/Lang/17 63.63636363636363
../clover-line/Lang/17 63.63636363636363
../clover-line/Lang/17 63.63636363636363
../clover-line/Lang/17 63.63636363636363
../clover-line/Lang/18 19.464720194647203
../clover-line/Lang/18 25.790754257907544
../clover-line/Lang/18 14.355231143552311
../clover-line/Lang/18 43.552311435523116
../clover-line/Lang/18 14.841849148418492
../clover-line/Lang/18 5.35279805352798
../clover-line/Lang/18 13.138686131386862
../clover-line/Lang/18 27.980535279805352
../clover-line/Lang/18 28.710462287104622
../clover-line/Lang/18 20.194647201946474
../clover-line/Lang/19 34.61538461538461
../clover-line/Lang/19 23.076923076923077
../clover-line/Lang/19 46.15384615384615
../clover-line/Lang/19 42.30769230769231
../clover-line/Lang/19 34.61538461538461
../clover-line/Lang/19 19.23076923076923
../clover-line/Lang/19 50.0
../clover-line/Lang/19 46.15384615384615
../clover-line/Lang/19 42.30769230769231
../clover-line/Lang/19 50.0
../clover-line/Lang/20 1.3831258644536653
../clover-line/Lang/20 1.5214384508990317
../clover-line/Lang/20 1.9363762102351314
../clover-line/Lang/20 0.8298755186721992
../clover-line/Lang/20 0.9681881051175657
../clover-line/Lang/20 2.074688796680498
../clover-line/Lang/20 2.074688796680498
../clover-line/Lang/20 1.1065006915629323
../clover-line/Lang/20 1.3831258644536653
../clover-line/Lang/20 1.037344398340249
../clover-line/Lang/21 0.5012531328320802
../clover-line/Lang/21 0.5012531328320802
../clover-line/Lang/21 0.7518796992481203
../clover-line/Lang/21 0.7518796992481203
../clover-line/Lang/21 0.5012531328320802
../clover-line/Lang/21 0.2506265664160401
../clover-line/Lang/21 0.2506265664160401
../clover-line/Lang/21 0.2506265664160401
../clover-line/Lang/21 0.5012531328320802
../clover-line/Lang/21 0.2506265664160401
../clover-line/Lang/22 5.319148936170213
../clover-line/Lang/22 5.319148936170213
../clover-line/Lang/22 5.319148936170213
../clover-line/Lang/22 5.319148936170213
../clover-line/Lang/22 5.319148936170213
../clover-line/Lang/22 5.673758865248227
../clover-line/Lang/22 5.319148936170213
../clover-line/Lang/22 5.319148936170213
../clover-line/Lang/22 6.028368794326241
../clover-line/Lang/22 5.319148936170213
../clover-line/Lang/24 0.9779951100244498
../clover-line/Lang/24 12.469437652811736
../clover-line/Lang/24 8.557457212713937
../clover-line/Lang/24 1.9559902200488997
../clover-line/Lang/24 6.845965770171149
../clover-line/Lang/24 9.04645476772616
../clover-line/Lang/24 0.9779951100244498
../clover-line/Lang/24 15.158924205378973
../clover-line/Lang/24 5.8679706601467
../clover-line/Lang/24 15.158924205378973
../clover-line/Lang/26 12.162162162162161
../clover-line/Lang/26 14.478764478764479
../clover-line/Lang/26 9.266409266409266
../clover-line/Lang/26 21.428571428571427
../clover-line/Lang/26 2.5096525096525095
../clover-line/Lang/26 8.108108108108109
../clover-line/Lang/26 5.598455598455598
../clover-line/Lang/26 16.795366795366796
../clover-line/Lang/26 9.845559845559846
../clover-line/Lang/26 11.96911196911197
../clover-line/Lang/27 3.43980343980344
../clover-line/Lang/27 3.194103194103194
../clover-line/Lang/27 8.5995085995086
../clover-line/Lang/27 15.233415233415233
../clover-line/Lang/27 18.181818181818183
../clover-line/Lang/27 5.405405405405405
../clover-line/Lang/27 14.742014742014742
../clover-line/Lang/27 0.2457002457002457
../clover-line/Lang/27 12.285012285012286
../clover-line/Lang/27 9.582309582309582
../clover-line/Lang/29 5.434782608695652
../clover-line/Lang/29 7.608695652173913
../clover-line/Lang/29 3.260869565217391
../clover-line/Lang/29 3.260869565217391
../clover-line/Lang/29 7.608695652173913
../clover-line/Lang/29 3.260869565217391
../clover-line/Lang/29 4.3478260869565215
../clover-line/Lang/29 3.260869565217391
../clover-line/Lang/29 2.1739130434782608
../clover-line/Lang/29 2.1739130434782608
../clover-line/Lang/30 2.91044776119403
../clover-line/Lang/30 3.283582089552239
../clover-line/Lang/30 2.462686567164179
../clover-line/Lang/30 3.3582089552238807
../clover-line/Lang/30 2.611940298507463
../clover-line/Lang/30 2.462686567164179
../clover-line/Lang/30 3.283582089552239
../clover-line/Lang/30 2.611940298507463
../clover-line/Lang/30 3.283582089552239
../clover-line/Lang/30 3.1343283582089554
../clover-line/Lang/32 10.059171597633137
../clover-line/Lang/32 7.6923076923076925
../clover-line/Lang/32 27.810650887573964
../clover-line/Lang/32 10.059171597633137
../clover-line/Lang/32 11.834319526627219
../clover-line/Lang/32 17.159763313609467
../clover-line/Lang/32 15.384615384615385
../clover-line/Lang/32 15.976331360946746
../clover-line/Lang/32 13.017751479289942
../clover-line/Lang/32 20.118343195266274
../clover-line/Lang/33 11.604095563139932
../clover-line/Lang/33 2.7303754266211606
../clover-line/Lang/33 7.167235494880546
../clover-line/Lang/33 6.484641638225256
../clover-line/Lang/33 11.262798634812286
../clover-line/Lang/33 2.3890784982935154
../clover-line/Lang/33 11.604095563139932
../clover-line/Lang/33 9.215017064846416
../clover-line/Lang/33 10.921501706484642
../clover-line/Lang/33 7.508532423208191
../clover-line/Lang/34 4.054054054054054
../clover-line/Lang/34 4.2471042471042475
../clover-line/Lang/34 5.019305019305019
../clover-line/Lang/34 4.054054054054054
../clover-line/Lang/34 8.687258687258687
../clover-line/Lang/34 3.088803088803089
../clover-line/Lang/34 29.343629343629345
../clover-line/Lang/34 3.088803088803089
../clover-line/Lang/34 7.722007722007722
../clover-line/Lang/34 7.335907335907336
../clover-line/Lang/35 0.35778175313059035
../clover-line/Lang/35 0.9838998211091234
../clover-line/Lang/35 0.8944543828264758
../clover-line/Lang/35 0.8050089445438283
../clover-line/Lang/35 0.26833631484794274
../clover-line/Lang/35 0.26833631484794274
../clover-line/Lang/35 0.8050089445438283
../clover-line/Lang/35 0.5366726296958855
../clover-line/Lang/35 0.6261180679785331
../clover-line/Lang/35 0.5366726296958855
../clover-line/Lang/36 7.6923076923076925
../clover-line/Lang/36 4.218362282878412
../clover-line/Lang/36 7.6923076923076925
../clover-line/Lang/36 4.4665012406947895
../clover-line/Lang/36 9.67741935483871
../clover-line/Lang/36 4.714640198511166
../clover-line/Lang/36 16.62531017369727
../clover-line/Lang/36 4.218362282878412
../clover-line/Lang/36 8.436724565756824
../clover-line/Lang/36 8.933002481389579
../clover-line/Lang/40 0.1607717041800643
../clover-line/Lang/40 0.24115755627009647
../clover-line/Lang/40 0.24115755627009647
../clover-line/Lang/40 0.24115755627009647
../clover-line/Lang/40 0.1607717041800643
../clover-line/Lang/40 0.24115755627009647
../clover-line/Lang/40 0.3215434083601286
../clover-line/Lang/40 0.40192926045016075
../clover-line/Lang/40 0.1607717041800643
../clover-line/Lang/40 0.1607717041800643
../clover-line/Lang/41 16.071428571428573
../clover-line/Lang/41 16.071428571428573
../clover-line/Lang/41 16.071428571428573
../clover-line/Lang/41 8.928571428571429
../clover-line/Lang/41 15.714285714285714
../clover-line/Lang/41 16.071428571428573
../clover-line/Lang/41 16.071428571428573
../clover-line/Lang/41 13.571428571428571
../clover-line/Lang/41 15.714285714285714
../clover-line/Lang/41 15.714285714285714
../clover-line/Lang/46 5.078125
../clover-line/Lang/46 5.078125
../clover-line/Lang/46 5.078125
../clover-line/Lang/46 5.078125
../clover-line/Lang/46 5.078125
../clover-line/Lang/46 5.078125
../clover-line/Lang/46 5.078125
../clover-line/Lang/46 5.078125
../clover-line/Lang/46 4.6875
../clover-line/Lang/46 3.90625
../clover-line/Lang/50 3.0828516377649327
../clover-line/Lang/50 6.74373795761079
../clover-line/Lang/50 6.551059730250482
../clover-line/Lang/50 9.633911368015415
../clover-line/Lang/50 4.431599229287091
../clover-line/Lang/50 4.624277456647399
../clover-line/Lang/50 1.5414258188824663
../clover-line/Lang/50 3.0828516377649327
../clover-line/Lang/50 2.8901734104046244
../clover-line/Lang/50 8.863198458574182
../clover-line/Lang/58 6.765327695560254
../clover-line/Lang/58 5.919661733615222
../clover-line/Lang/58 0.6342494714587738
../clover-line/Lang/58 5.919661733615222
../clover-line/Lang/58 1.6913319238900635
../clover-line/Lang/58 4.862579281183932
../clover-line/Lang/58 1.9027484143763214
../clover-line/Lang/58 6.13107822410148
../clover-line/Lang/58 4.016913319238901
../clover-line/Lang/58 2.959830866807611
../clover-line/Lang/59 0.39215686274509803
../clover-line/Lang/59 0.6535947712418301
../clover-line/Lang/59 0.6535947712418301
../clover-line/Lang/59 0.5228758169934641
../clover-line/Lang/59 0.5228758169934641
../clover-line/Lang/59 0.6535947712418301
../clover-line/Lang/59 0.39215686274509803
../clover-line/Lang/59 0.39215686274509803
../clover-line/Lang/59 0.26143790849673204
../clover-line/Lang/59 0.13071895424836602
../clover-line/Math/2 15.662650602409638
../clover-line/Math/2 18.072289156626507
../clover-line/Math/2 19.27710843373494
../clover-line/Math/2 18.072289156626507
../clover-line/Math/2 18.072289156626507
../clover-line/Math/2 15.662650602409638
../clover-line/Math/2 13.25301204819277
../clover-line/Math/2 19.27710843373494
../clover-line/Math/2 14.457831325301205
../clover-line/Math/2 18.072289156626507
../clover-line/Math/5 5.857740585774058
../clover-line/Math/5 6.2761506276150625
../clover-line/Math/5 5.857740585774058
../clover-line/Math/5 5.857740585774058
../clover-line/Math/5 5.857740585774058
../clover-line/Math/5 4.602510460251046
../clover-line/Math/5 5.02092050209205
../clover-line/Math/5 5.02092050209205
../clover-line/Math/5 4.602510460251046
../clover-line/Math/5 5.857740585774058
../clover-line/Math/9 1.7543859649122806
../clover-line/Math/9 3.508771929824561
../clover-line/Math/9 1.7543859649122806
../clover-line/Math/9 7.017543859649122
../clover-line/Math/9 3.508771929824561
../clover-line/Math/9 1.7543859649122806
../clover-line/Math/9 8.771929824561404
../clover-line/Math/9 7.017543859649122
../clover-line/Math/9 5.2631578947368425
../clover-line/Math/9 1.7543859649122806
../clover-line/Math/11 4.761904761904762
../clover-line/Math/11 7.936507936507937
../clover-line/Math/11 3.1746031746031744
../clover-line/Math/11 6.349206349206349
../clover-line/Math/11 6.349206349206349
../clover-line/Math/11 6.349206349206349
../clover-line/Math/11 6.349206349206349
../clover-line/Math/11 6.349206349206349
../clover-line/Math/11 6.349206349206349
../clover-line/Math/11 6.349206349206349
../clover-line/Math/15 2.921068986948415
../clover-line/Math/15 3.7911746426351773
../clover-line/Math/15 0.49720323182100684
../clover-line/Math/15 0.49720323182100684
../clover-line/Math/15 0.5593536357986327
../clover-line/Math/15 4.723430702299565
../clover-line/Math/15 3.418272218769422
../clover-line/Math/15 0.18645121193287756
../clover-line/Math/15 2.8589185829707895
../clover-line/Math/15 3.7290242386575514
../clover-line/Math/20 20.123203285420946
../clover-line/Math/20 17.864476386036962
../clover-line/Math/20 19.301848049281315
../clover-line/Math/20 61.39630390143737
../clover-line/Math/20 61.39630390143737
../clover-line/Math/20 43.3264887063655
../clover-line/Math/20 59.75359342915811
../clover-line/Math/20 13.141683778234086
../clover-line/Math/20 30.595482546201232
../clover-line/Math/20 50.10266940451746
../clover-line/Math/27 3.314917127071823
../clover-line/Math/27 2.7624309392265194
../clover-line/Math/27 3.867403314917127
../clover-line/Math/27 1.1049723756906078
../clover-line/Math/27 6.629834254143646
../clover-line/Math/27 5.524861878453039
../clover-line/Math/27 4.972375690607735
../clover-line/Math/27 4.972375690607735
../clover-line/Math/27 0.5524861878453039
../clover-line/Math/27 3.867403314917127
../clover-line/Math/30 19.444444444444443
../clover-line/Math/30 2.7777777777777777
../clover-line/Math/30 25.0
../clover-line/Math/30 33.333333333333336
../clover-line/Math/30 72.22222222222223
../clover-line/Math/30 25.0
../clover-line/Math/30 58.333333333333336
../clover-line/Math/30 30.555555555555557
../clover-line/Math/30 8.333333333333334
../clover-line/Math/30 38.888888888888886
../clover-line/Math/32 32.5
../clover-line/Math/32 18.125
../clover-line/Math/32 4.375
../clover-line/Math/32 15.0
../clover-line/Math/32 18.75
../clover-line/Math/32 6.875
../clover-line/Math/32 6.875
../clover-line/Math/32 37.5
../clover-line/Math/32 8.125
../clover-line/Math/32 15.0
../clover-line/Math/33 18.181818181818183
../clover-line/Math/33 14.438502673796792
../clover-line/Math/33 51.8716577540107
../clover-line/Math/33 42.780748663101605
../clover-line/Math/33 28.877005347593585
../clover-line/Math/33 17.112299465240643
../clover-line/Math/33 19.78609625668449
../clover-line/Math/33 11.764705882352942
../clover-line/Math/33 48.663101604278076
../clover-line/Math/33 32.0855614973262
../clover-line/Math/34 5.882352941176471
../clover-line/Math/34 9.803921568627452
../clover-line/Math/34 19.607843137254903
../clover-line/Math/34 5.882352941176471
../clover-line/Math/34 9.803921568627452
../clover-line/Math/34 3.9215686274509802
../clover-line/Math/34 1.9607843137254901
../clover-line/Math/34 5.882352941176471
../clover-line/Math/34 19.607843137254903
../clover-line/Math/34 7.8431372549019605
../clover-line/Math/41 8.695652173913043
../clover-line/Math/41 7.826086956521739
../clover-line/Math/41 9.565217391304348
../clover-line/Math/41 8.695652173913043
../clover-line/Math/41 10.434782608695652
../clover-line/Math/41 7.826086956521739
../clover-line/Math/41 8.695652173913043
../clover-line/Math/41 5.217391304347826
../clover-line/Math/41 8.695652173913043
../clover-line/Math/41 9.565217391304348
../clover-line/Math/50 1.0638297872340425
../clover-line/Math/50 1.0638297872340425
../clover-line/Math/50 1.0638297872340425
../clover-line/Math/50 1.0638297872340425
../clover-line/Math/50 1.0638297872340425
../clover-line/Math/50 1.0638297872340425
../clover-line/Math/50 1.0638297872340425
../clover-line/Math/50 1.0638297872340425
../clover-line/Math/50 1.0638297872340425
../clover-line/Math/50 1.0638297872340425
../clover-line/Math/56 2.4390243902439024
../clover-line/Math/56 2.4390243902439024
../clover-line/Math/56 8.536585365853659
../clover-line/Math/56 6.097560975609756
../clover-line/Math/56 4.878048780487805
../clover-line/Math/56 8.536585365853659
../clover-line/Math/56 3.658536585365854
../clover-line/Math/56 4.878048780487805
../clover-line/Math/56 4.878048780487805
../clover-line/Math/56 3.658536585365854
../clover-line/Math/57 13.793103448275861
../clover-line/Math/57 9.482758620689655
../clover-line/Math/57 11.206896551724139
../clover-line/Math/57 10.344827586206897
../clover-line/Math/57 0.8620689655172413
../clover-line/Math/57 5.172413793103448
../clover-line/Math/57 4.310344827586207
../clover-line/Math/57 10.344827586206897
../clover-line/Math/57 11.206896551724139
../clover-line/Math/57 6.896551724137931
../clover-line/Math/58 45.36082474226804
../clover-line/Math/58 50.51546391752577
../clover-line/Math/58 47.422680412371136
../clover-line/Math/58 44.329896907216494
../clover-line/Math/58 44.329896907216494
../clover-line/Math/58 47.422680412371136
../clover-line/Math/58 47.422680412371136
../clover-line/Math/58 48.45360824742268
../clover-line/Math/58 50.51546391752577
../clover-line/Math/58 45.36082474226804
../clover-line/Math/59 11.761083743842365
../clover-line/Math/59 11.699507389162562
../clover-line/Math/59 0.7389162561576355
../clover-line/Math/59 11.761083743842365
../clover-line/Math/59 11.761083743842365
../clover-line/Math/59 11.761083743842365
../clover-line/Math/59 1.2315270935960592
../clover-line/Math/59 11.761083743842365
../clover-line/Math/59 11.761083743842365
../clover-line/Math/59 0.5541871921182266
../clover-line/Math/63 1.601423487544484
../clover-line/Math/63 0.8896797153024911
../clover-line/Math/63 1.0676156583629892
../clover-line/Math/63 0.8896797153024911
../clover-line/Math/63 0.35587188612099646
../clover-line/Math/63 1.601423487544484
../clover-line/Math/63 1.0676156583629892
../clover-line/Math/63 1.7793594306049823
../clover-line/Math/63 0.35587188612099646
../clover-line/Math/63 1.7793594306049823
../clover-line/Math/69 10.526315789473685
../clover-line/Math/69 17.105263157894736
../clover-line/Math/69 10.526315789473685
../clover-line/Math/69 14.473684210526315
../clover-line/Math/69 27.63157894736842
../clover-line/Math/69 32.89473684210526
../clover-line/Math/69 6.578947368421052
../clover-line/Math/69 38.1578947368421
../clover-line/Math/69 22.36842105263158
../clover-line/Math/69 17.105263157894736
../clover-line/Math/70 53.333333333333336
../clover-line/Math/70 6.666666666666667
../clover-line/Math/70 3.3333333333333335
../clover-line/Math/70 6.666666666666667
../clover-line/Math/70 3.3333333333333335
../clover-line/Math/70 3.3333333333333335
../clover-line/Math/70 23.333333333333332
../clover-line/Math/70 10.0
../clover-line/Math/70 10.0
../clover-line/Math/70 26.666666666666668
../clover-line/Math/75 15.333333333333334
../clover-line/Math/75 12.666666666666666
../clover-line/Math/75 14.666666666666666
../clover-line/Math/75 12.0
../clover-line/Math/75 12.666666666666666
../clover-line/Math/75 11.333333333333334
../clover-line/Math/75 14.0
../clover-line/Math/75 16.0
../clover-line/Math/75 13.333333333333334
../clover-line/Math/75 12.0
../clover-line/Math/80 11.943793911007026
../clover-line/Math/80 34.07494145199063
../clover-line/Math/80 12.880562060889929
../clover-line/Math/80 24.355971896955502
../clover-line/Math/80 17.447306791569087
../clover-line/Math/80 47.65807962529274
../clover-line/Math/80 30.327868852459016
../clover-line/Math/80 11.943793911007026
../clover-line/Math/80 20.960187353629976
../clover-line/Math/80 11.943793911007026
../clover-line/Math/82 7.8125
../clover-line/Math/82 1.5625
../clover-line/Math/82 12.5
../clover-line/Math/82 40.625
../clover-line/Math/82 28.125
../clover-line/Math/82 43.75
../clover-line/Math/82 26.5625
../clover-line/Math/82 7.8125
../clover-line/Math/82 34.375
../clover-line/Math/82 10.9375
../clover-line/Math/85 23.076923076923077
../clover-line/Math/85 23.076923076923077
../clover-line/Math/85 5.128205128205129
../clover-line/Math/85 30.76923076923077
../clover-line/Math/85 33.333333333333336
../clover-line/Math/85 33.333333333333336
../clover-line/Math/85 28.205128205128204
../clover-line/Math/85 17.94871794871795
../clover-line/Math/85 35.8974358974359
../clover-line/Math/85 23.076923076923077
../clover-line/Math/91 0.6097560975609756
../clover-line/Math/91 1.2195121951219512
../clover-line/Math/91 0.6097560975609756
../clover-line/Math/91 0.6097560975609756
../clover-line/Math/91 1.2195121951219512
../clover-line/Math/91 3.048780487804878
../clover-line/Math/91 1.829268292682927
../clover-line/Math/91 0.6097560975609756
../clover-line/Math/91 6.097560975609756
../clover-line/Math/91 1.2195121951219512
../clover-line/Math/94 3.6101083032490973
../clover-line/Math/94 4.332129963898917
../clover-line/Math/94 7.581227436823105
../clover-line/Math/94 7.581227436823105
../clover-line/Math/94 6.137184115523466
../clover-line/Math/94 7.9422382671480145
../clover-line/Math/94 7.9422382671480145
../clover-line/Math/94 7.581227436823105
../clover-line/Math/94 5.054151624548736
../clover-line/Math/94 3.9711191335740073
../clover-line/Math/101 19.393939393939394
../clover-line/Math/101 23.03030303030303
../clover-line/Math/101 18.181818181818183
../clover-line/Math/101 16.96969696969697
../clover-line/Math/101 29.09090909090909
../clover-line/Math/101 19.393939393939394
../clover-line/Math/101 32.121212121212125
../clover-line/Math/101 6.666666666666667
../clover-line/Math/101 13.93939393939394
../clover-line/Math/101 35.15151515151515
../clover-line/Math/105 14.102564102564102
../clover-line/Math/105 23.076923076923077
../clover-line/Math/105 21.794871794871796
../clover-line/Math/105 23.076923076923077
../clover-line/Math/105 23.076923076923077
../clover-line/Math/105 19.23076923076923
../clover-line/Math/105 19.23076923076923
../clover-line/Math/105 23.076923076923077
../clover-line/Math/105 23.076923076923077
../clover-line/Math/105 23.076923076923077
