Chart 1 1.3761467889908259
Chart 5 1.8032786885245908
Chart 6 53.93939393939394
Chart 7 2.352941176470588
Chart 8 9.71264367816092
Chart 9 3.0303030303030303
Chart 11 3.3653846153846154
Chart 12 5.948717948717949
Chart 13 8.061674008810574
Chart 16 11.052631578947368
Chart 17 0.3716216216216216
Chart 20 9.583333333333334
Chart 22 23.7777
Chart 24 14.482758620689657
Chart 25 5.919540229885058
Lang 1 2.475490196078432
Lang 6 47.41935483870968
Lang 7 10.581113801452785
Lang 10 15.5379
Lang 15 17.548387096774192
Lang 16 9.607843137254903
Lang 17 59.090909090909086
Lang 18 21.338199513381998
Lang 19 38.84615384615385
Lang 20 1.4315352697095434
Lang 21 0.4511278195488721
Lang 22 5.425531914893617
Lang 24 7.701711491442543
Lang 26 11.216216216216216
Lang 27 9.09090909090909
Lang 29 4.2391304347826075
Lang 30 2.940298507462687
Lang 32 14.911242603550296
Lang 33 8.088737201365188
Lang 34 7.664092664092664
Lang 35 0.6082289803220036
Lang 36 7.667493796526055
Lang 40 0.2331189710610933
Lang 41 15.0
Lang 46 4.9218
Lang 50 5.1445
Lang 58 4.080338266384779
Lang 59 0.4575163398692811
Math 2 16.987951807228917
Math 5 5.481171548117156
Math 9 4.2105263157894735
Math 11 6.031746031746031
Math 15 2.3182100683654445
Math 20 37.70020533880904
Math 27 3.7569060773480665
Math 30 31.388888888888893
Math 32 16.3125
Math 33 28.55614973262032
Math 34 9.019607843137255
Math 41 8.521739130434783
Math 50 1.0638297872340423
Math 56 4.999999999999999
Math 57 8.362068965517242
Math 58 47.11340206185567
Math 59 8.479064039408865
Math 63 1.1387900355871885
Math 69 19.736842105263158
Math 70 14.666666666666666
Math 75 13.4
Math 80 22.353629976580795
Math 82 21.40625
Math 85 25.384615384615383
Math 91 1.707317073170732
Math 94 6.173285198555957
Math 101 21.393939393939394
Math 105 21.282051282051277
